<?xml version="1.0" encoding="UTF-8"?>
<!-- Generated by org.testng.reporters.JUnitReportReporter -->
<testsuite hostname="US419BIMALLA1" failures="0" tests="1" name="com.example.project.ListenerTest" time="17.936" errors="0" timestamp="2020-09-08T18:10:24 MDT" skipped="0">
  <testcase classname="com.example.project.ListenerTest" name="captureScreenShot" time="17.936"/>
  <system-out/>
</testsuite> <!-- com.example.project.ListenerTest -->
